{"uid":"94c651985942c53e","name":"test_editing_user_account","fullName":"test.test_hootel.TestHootel#test_editing_user_account","historyId":"5913c2559d769322ba7dec0f56895205","time":{"start":1705162754677,"stop":1705162761161,"duration":6484},"status":"broken","statusMessage":"selenium.common.exceptions.TimeoutException: Message: \nStacktrace:\n#0 0x55fe2d1e3f83 <unknown>\n#1 0x55fe2ce9ccf7 <unknown>\n#2 0x55fe2ceec99e <unknown>\n#3 0x55fe2ceecaa1 <unknown>\n#4 0x55fe2cf37d64 <unknown>\n#5 0x55fe2cf160dd <unknown>\n#6 0x55fe2cf35006 <unknown>\n#7 0x55fe2cf15e53 <unknown>\n#8 0x55fe2cedddd4 <unknown>\n#9 0x55fe2cedf1de <unknown>\n#10 0x55fe2d1a8531 <unknown>\n#11 0x55fe2d1ac455 <unknown>\n#12 0x55fe2d194f55 <unknown>\n#13 0x55fe2d1ad0ef <unknown>\n#14 0x55fe2d17899f <unknown>\n#15 0x55fe2d1d1008 <unknown>\n#16 0x55fe2d1d11d7 <unknown>\n#17 0x55fe2d1e3124 <unknown>\n#18 0x7fd157294ac3 <unknown>","statusTrace":"self = <test_hootel.TestHootel object at 0x7fe0833bc5e0>\n\n    def test_editing_user_account(self):\n        # bejelentkezés\n        menu_toggle = WebDriverWait(self.browser, 5).until(\n            ec.element_to_be_clickable((By.XPATH, \"//button[@class = 'navbar-toggler collapsed']\")))\n        menu_toggle.click()\n        login_button = WebDriverWait(self.browser, 5).until(\n            ec.element_to_be_clickable((By.XPATH, '//a[@class=\"nav-link\"]')))\n        login_button.click()\n    \n        email_input = self.browser.find_element(By.ID, 'email')\n        email_input.send_keys('progmtest4@proton.me')\n    \n        password_input = self.browser.find_element(By.ID, 'password')\n        password_input.send_keys('ProgMtest4')\n    \n        submit_button = self.browser.find_element(By.NAME, 'submit')\n        submit_button.click()\n    \n        # felhasználói fiók oldalra való navigálás\n        account_button = WebDriverWait(self.browser, 5).until(ec.element_to_be_clickable((By.ID, \"profile\")))\n        account_button.click()\n    \n>       account_former_lastname = WebDriverWait(self.browser, 5).until(ec.presence_of_element_located((By.XPATH, \"//input[@id = 'firstname']\"))).text\n\ntest/test_hootel.py:181: \n_ _ _ _ _ _ _ _ _ _ _ _ _ _ _ _ _ _ _ _ _ _ _ _ _ _ _ _ _ _ _ _ _ _ _ _ _ _ _ _ \n\nself = <selenium.webdriver.support.wait.WebDriverWait (session=\"bc10b5fe9ab0b325319e3f3e74c26387\")>\nmethod = <function presence_of_element_located.<locals>._predicate at 0x7fe0837a0550>\nmessage = ''\n\n    def until(self, method: Callable[[D], Union[Literal[False], T]], message: str = \"\") -> T:\n        \"\"\"Calls the method provided with the driver as an argument until the \\\n        return value does not evaluate to ``False``.\n    \n        :param method: callable(WebDriver)\n        :param message: optional message for :exc:`TimeoutException`\n        :returns: the result of the last call to `method`\n        :raises: :exc:`selenium.common.exceptions.TimeoutException` if timeout occurs\n        \"\"\"\n        screen = None\n        stacktrace = None\n    \n        end_time = time.monotonic() + self._timeout\n        while True:\n            try:\n                value = method(self._driver)\n                if value:\n                    return value\n            except self._ignored_exceptions as exc:\n                screen = getattr(exc, \"screen\", None)\n                stacktrace = getattr(exc, \"stacktrace\", None)\n            time.sleep(self._poll)\n            if time.monotonic() > end_time:\n                break\n>       raise TimeoutException(message, screen, stacktrace)\nE       selenium.common.exceptions.TimeoutException: Message: \nE       Stacktrace:\nE       #0 0x55fe2d1e3f83 <unknown>\nE       #1 0x55fe2ce9ccf7 <unknown>\nE       #2 0x55fe2ceec99e <unknown>\nE       #3 0x55fe2ceecaa1 <unknown>\nE       #4 0x55fe2cf37d64 <unknown>\nE       #5 0x55fe2cf160dd <unknown>\nE       #6 0x55fe2cf35006 <unknown>\nE       #7 0x55fe2cf15e53 <unknown>\nE       #8 0x55fe2cedddd4 <unknown>\nE       #9 0x55fe2cedf1de <unknown>\nE       #10 0x55fe2d1a8531 <unknown>\nE       #11 0x55fe2d1ac455 <unknown>\nE       #12 0x55fe2d194f55 <unknown>\nE       #13 0x55fe2d1ad0ef <unknown>\nE       #14 0x55fe2d17899f <unknown>\nE       #15 0x55fe2d1d1008 <unknown>\nE       #16 0x55fe2d1d11d7 <unknown>\nE       #17 0x55fe2d1e3124 <unknown>\nE       #18 0x7fd157294ac3 <unknown>\n\n/opt/hostedtoolcache/Python/3.10.13/x64/lib/python3.10/site-packages/selenium/webdriver/support/wait.py:105: TimeoutException","flaky":false,"newFailed":false,"newBroken":false,"newPassed":false,"retriesCount":0,"retriesStatusChange":false,"beforeStages":[{"name":"_xunit_setup_method_fixture_TestHootel","time":{"start":1705162752502,"stop":1705162754676,"duration":2174},"status":"passed","steps":[],"attachments":[],"parameters":[],"shouldDisplayMessage":false,"stepsCount":0,"attachmentsCount":0,"hasContent":false,"attachmentStep":false}],"afterStages":[{"name":"_xunit_setup_method_fixture_TestHootel::0","time":{"start":1705162761176,"stop":1705162761233,"duration":57},"status":"passed","steps":[],"attachments":[],"parameters":[],"shouldDisplayMessage":false,"stepsCount":0,"attachmentsCount":0,"hasContent":false,"attachmentStep":false}],"labels":[{"name":"parentSuite","value":"test"},{"name":"suite","value":"test_hootel"},{"name":"subSuite","value":"TestHootel"},{"name":"host","value":"fv-az740-5"},{"name":"thread","value":"2153-MainThread"},{"name":"framework","value":"pytest"},{"name":"language","value":"cpython3"},{"name":"package","value":"test.test_hootel"},{"name":"resultFormat","value":"allure2"}],"parameters":[],"links":[],"hidden":false,"retry":false,"extra":{"severity":"normal","retries":[],"categories":[{"name":"Test defects","matchedStatuses":[],"flaky":false}],"tags":[]},"source":"94c651985942c53e.json","parameterValues":[]}